{"name": "Cоздание заказа с неверным хешем ингредиентов, с авторизацией", "status": "failed", "statusDetails": {"message": "AssertionError: assert 400 == 500\n +  where 400 = <Response [400]>.status_code", "trace": "self = <test_order_create.TestOrderCreate object at 0x10e1b9d90>\nlogin_user = 'Bearer eyJhbGciOiJIUzI1NiIsInR5cCI6IkpXVCJ9.eyJpZCI6IjY4ZWNjZWFhODJkN2VkMDAxYzUyZjcwOCIsImlhdCI6MTc2MDM0OTg2NiwiZXhwIjoxNzYwMzUxMDY2fQ.4AvCKEVyni8xwyxKhmCgkgceJysRM6zcyTuPut_gtXs'\n\n    @allure.title('Cоздание заказа с неверным хешем ингредиентов, с авторизацией')\n    @allure.description('Нельзя создать заказ, если пользователь авторизован, но в заказе неверный хеш ингредиентов')\n    def test_not_create_order_login_user_with_error_ingredients(self, login_user):\n        access_token = login_user\n        selected_ingredients = INVALID_INGREDIENTS\n        create_order_response = OrderMethod.create_order(access_token, selected_ingredients)\n        with allure.step(\"Проверяем статус кода ответа\"):\n>           assert create_order_response.status_code == 500\nE           assert 400 == 500\nE            +  where 400 = <Response [400]>.status_code\n\ntests/test_order_create.py:62: AssertionError"}, "description": "Нельзя создать заказ, если пользователь авторизован, но в заказе неверный хеш ингредиентов", "steps": [{"name": "Создаём заказ", "status": "passed", "parameters": [{"name": "access_token_user", "value": "'Bearer eyJhbGciOiJIUzI1NiIsInR5cCI6IkpXVCJ9.eyJpZCI6IjY4ZWNjZWFhODJkN2VkMDAxYzUyZjcwOCIsImlhdCI6MTc2MDM0OTg2NiwiZXhwIjoxNzYwMzUxMDY2fQ.4AvCKEVyni8xwyxKhmCgkgceJysRM6zcyTuPut_gtXs'"}, {"name": "ingredients_id", "value": "{'ingredients': ['12345', '56789']}"}], "start": 1760349866819, "stop": 1760349867068}, {"name": "Проверяем статус кода ответа", "status": "failed", "statusDetails": {"message": "AssertionError: assert 400 == 500\n +  where 400 = <Response [400]>.status_code\n", "trace": "  File \"/Users/ivanzagaynov/Daria/Diplom/Diplom_2/tests/test_order_create.py\", line 62, in test_not_create_order_login_user_with_error_ingredients\n    assert create_order_response.status_code == 500\n"}, "start": 1760349867068, "stop": 1760349867068}], "start": 1760349866819, "stop": 1760349867069, "uuid": "22673cdb-74dc-4397-a79c-25631b834407", "historyId": "8b9856b927506f766d4ad7bb09ac2efc", "testCaseId": "8b9856b927506f766d4ad7bb09ac2efc", "fullName": "tests.test_order_create.TestOrderCreate#test_not_create_order_login_user_with_error_ingredients", "labels": [{"name": "subSuite", "value": "class TestOrderCreate: Создание заказа"}, {"name": "parentSuite", "value": "tests"}, {"name": "suite", "value": "test_order_create"}, {"name": "host", "value": "MacBook-Pro-Ivan.local"}, {"name": "thread", "value": "79452-MainThread"}, {"name": "framework", "value": "pytest"}, {"name": "language", "value": "cpython3"}, {"name": "package", "value": "tests.test_order_create"}], "titlePath": ["tests", "test_order_create.py", "TestOrderCreate"]}