{"name": "Cоздание заказа с неверным хешем ингредиентов, с авторизацией", "status": "failed", "statusDetails": {"message": "AssertionError: assert 400 == 500\n +  where 400 = <Response [400]>.status_code", "trace": "self = <test_order_create.TestOrderCreate object at 0x103ea9d90>, login_user = None\n\n    @allure.title('Cоздание заказа с неверным хешем ингредиентов, с авторизацией')\n    @allure.description('Нельзя создать заказ, если пользователь авторизован, но в заказе неверный хеш ингредиентов')\n    def test_not_create_order_login_user_with_error_ingredients(self, login_user):\n        access_token = login_user\n        selected_ingredients = {\"ingredients\": [\"12345\", \"56789\"]}\n        create_order_response = OrderMethod.create_order(access_token, selected_ingredients)\n        with allure.step(\"Проверяем статус кода ответа\"):\n>           assert create_order_response.status_code == 500\nE           assert 400 == 500\nE            +  where 400 = <Response [400]>.status_code\n\ntests/test_order_create.py:60: AssertionError"}, "description": "Нельзя создать заказ, если пользователь авторизован, но в заказе неверный хеш ингредиентов", "steps": [{"name": "Создаём заказ", "status": "passed", "parameters": [{"name": "access_token_user", "value": "None"}, {"name": "ingredients_id", "value": "{'ingredients': ['12345', '56789']}"}], "start": 1759843317235, "stop": 1759843317468}, {"name": "Проверяем статус кода ответа", "status": "failed", "statusDetails": {"message": "AssertionError: assert 400 == 500\n +  where 400 = <Response [400]>.status_code\n", "trace": "  File \"/Users/ivanzagaynov/Daria/Diplom/Diplom_2/tests/test_order_create.py\", line 60, in test_not_create_order_login_user_with_error_ingredients\n    assert create_order_response.status_code == 500\n"}, "start": 1759843317468, "stop": 1759843317468}], "start": 1759843317235, "stop": 1759843317469, "uuid": "fba44c5d-e54f-4658-b47a-278d0639ba0f", "historyId": "8b9856b927506f766d4ad7bb09ac2efc", "testCaseId": "8b9856b927506f766d4ad7bb09ac2efc", "fullName": "tests.test_order_create.TestOrderCreate#test_not_create_order_login_user_with_error_ingredients", "labels": [{"name": "subSuite", "value": "class TestOrderCreate: Создание заказа"}, {"name": "parentSuite", "value": "tests"}, {"name": "suite", "value": "test_order_create"}, {"name": "host", "value": "MacBook-Pro-Ivan.local"}, {"name": "thread", "value": "19878-MainThread"}, {"name": "framework", "value": "pytest"}, {"name": "language", "value": "cpython3"}, {"name": "package", "value": "tests.test_order_create"}], "titlePath": ["tests", "test_order_create.py", "TestOrderCreate"]}